
  .   ____          _            __ _ _
 /\\ / ___'_ __ _ _(_)_ __  __ _ \ \ \ \
( ( )\___ | '_ | '_| | '_ \/ _` | \ \ \ \
 \\/  ___)| |_)| | | | | || (_| |  ) ) ) )
  '  |____| .__|_| |_|_| |_\__, | / / / /
 =========|_|==============|___/=/_/_/_/
 :: Spring Boot ::        (v2.0.5.RELEASE)

2018-12-12 21:57:31.954  INFO 9196 --- [           main] com.spring.board.Application             : Starting Application on DESKTOP-89J90LT with PID 9196 (C:\Users\sj199\git\repository\Board\build\libs\Board-0.0.1-SNAPSHOT.jar started by sj199 in C:\Users\sj199\git\repository\Board\build\libs)
2018-12-12 21:57:31.958  INFO 9196 --- [           main] com.spring.board.Application             : No active profile set, falling back to default profiles: default
2018-12-12 21:57:32.036  INFO 9196 --- [           main] ConfigServletWebServerApplicationContext : Refreshing org.springframework.boot.web.servlet.context.AnnotationConfigServletWebServerApplicationContext@2be94b0f: startup date [Wed Dec 12 21:57:32 KST 2018]; root of context hierarchy
2018-12-12 21:57:33.408  INFO 9196 --- [           main] trationDelegate$BeanPostProcessorChecker : Bean 'org.springframework.transaction.annotation.ProxyTransactionManagementConfiguration' of type [org.springframework.transaction.annotation.ProxyTransactionManagementConfiguration$$EnhancerBySpringCGLIB$$88d37e78] is not eligible for getting processed by all BeanPostProcessors (for example: not eligible for auto-proxying)
2018-12-12 21:57:34.302  INFO 9196 --- [           main] o.s.b.w.embedded.tomcat.TomcatWebServer  : Tomcat initialized with port(s): 10004 (http)
2018-12-12 21:57:34.341  INFO 9196 --- [           main] o.apache.catalina.core.StandardService   : Starting service [Tomcat]
2018-12-12 21:57:34.342  INFO 9196 --- [           main] org.apache.catalina.core.StandardEngine  : Starting Servlet Engine: Apache Tomcat/8.5.34
2018-12-12 21:57:34.357  INFO 9196 --- [ost-startStop-1] o.a.catalina.core.AprLifecycleListener   : The APR based Apache Tomcat Native library which allows optimal performance in production environments was not found on the java.library.path: [C:\Program Files\ojdkbuild\java-1.8.0-openjdk-1.8.0.191-1\bin;C:\Windows\Sun\Java\bin;C:\Windows\system32;C:\Windows;C:\Windows\system32;C:\Windows;C:\Windows\System32\Wbem;C:\Windows\System32\WindowsPowerShell\v1.0\;C:\Windows\System32\OpenSSH\;C:\Program Files\ojdkbuild\java-1.8.0-openjdk-1.8.0.191-1\bin;C:\lib\apache-maven-3.6.0\bin;C:\Program Files\nodejs\bin;%SCALA_PATH%\bin;C:\Users\sj199\AppData\Local\Microsoft\WindowsApps;C:\Program Files\Bandizip\;C:\Users\sj199\AppData\Local\Programs\Microsoft VS Code\bin;C:\Users\sj199\AppData\Roaming\npm;.]
2018-12-12 21:57:34.583  INFO 9196 --- [ost-startStop-1] o.a.c.c.C.[Tomcat].[localhost].[/]       : Initializing Spring embedded WebApplicationContext
2018-12-12 21:57:34.583  INFO 9196 --- [ost-startStop-1] o.s.web.context.ContextLoader            : Root WebApplicationContext: initialization completed in 2552 ms
2018-12-12 21:57:34.687  INFO 9196 --- [ost-startStop-1] o.s.b.w.servlet.ServletRegistrationBean  : Servlet dispatcherServlet mapped to [/]
2018-12-12 21:57:34.691  INFO 9196 --- [ost-startStop-1] o.s.b.w.servlet.FilterRegistrationBean   : Mapping filter: 'characterEncodingFilter' to: [/*]
2018-12-12 21:57:34.691  INFO 9196 --- [ost-startStop-1] o.s.b.w.servlet.FilterRegistrationBean   : Mapping filter: 'hiddenHttpMethodFilter' to: [/*]
2018-12-12 21:57:34.691  INFO 9196 --- [ost-startStop-1] o.s.b.w.servlet.FilterRegistrationBean   : Mapping filter: 'httpPutFormContentFilter' to: [/*]
2018-12-12 21:57:34.691  INFO 9196 --- [ost-startStop-1] o.s.b.w.servlet.FilterRegistrationBean   : Mapping filter: 'requestContextFilter' to: [/*]
2018-12-12 21:57:34.895  INFO 9196 --- [           main] com.zaxxer.hikari.HikariDataSource       : HikariPool-1 - Starting...
2018-12-12 21:57:35.155  INFO 9196 --- [           main] com.zaxxer.hikari.HikariDataSource       : HikariPool-1 - Start completed.
2018-12-12 21:57:35.200  INFO 9196 --- [           main] j.LocalContainerEntityManagerFactoryBean : Building JPA container EntityManagerFactory for persistence unit 'default'
2018-12-12 21:57:35.225  INFO 9196 --- [           main] o.hibernate.jpa.internal.util.LogHelper  : HHH000204: Processing PersistenceUnitInfo [
	name: default
	...]
2018-12-12 21:57:35.346  INFO 9196 --- [           main] org.hibernate.Version                    : HHH000412: Hibernate Core {5.2.17.Final}
2018-12-12 21:57:35.348  INFO 9196 --- [           main] org.hibernate.cfg.Environment            : HHH000206: hibernate.properties not found
2018-12-12 21:57:35.410  INFO 9196 --- [           main] o.hibernate.annotations.common.Version   : HCANN000001: Hibernate Commons Annotations {5.0.1.Final}
2018-12-12 21:57:35.898  INFO 9196 --- [           main] org.hibernate.dialect.Dialect            : HHH000400: Using dialect: org.hibernate.dialect.MySQL5Dialect
2018-12-12 21:57:36.798  INFO 9196 --- [           main] j.LocalContainerEntityManagerFactoryBean : Initialized JPA EntityManagerFactory for persistence unit 'default'
2018-12-12 21:57:37.529  INFO 9196 --- [           main] o.s.w.s.handler.SimpleUrlHandlerMapping  : Mapped URL path [/**/favicon.ico] onto handler of type [class org.springframework.web.servlet.resource.ResourceHttpRequestHandler]
2018-12-12 21:57:37.842  INFO 9196 --- [           main] s.w.s.m.m.a.RequestMappingHandlerAdapter : Looking for @ControllerAdvice: org.springframework.boot.web.servlet.context.AnnotationConfigServletWebServerApplicationContext@2be94b0f: startup date [Wed Dec 12 21:57:32 KST 2018]; root of context hierarchy
2018-12-12 21:57:37.904  WARN 9196 --- [           main] aWebConfiguration$JpaWebMvcConfiguration : spring.jpa.open-in-view is enabled by default. Therefore, database queries may be performed during view rendering. Explicitly configure spring.jpa.open-in-view to disable this warning
2018-12-12 21:57:37.977  INFO 9196 --- [           main] s.w.s.m.m.a.RequestMappingHandlerMapping : Mapped "{[/board/allView.vw/{page}]}" onto public org.springframework.data.domain.Page<com.spring.board.entity.BoardListViewEnetity> com.spring.board.controller.BoardController.getAllList(java.lang.Integer)
2018-12-12 21:57:37.978  INFO 9196 --- [           main] s.w.s.m.m.a.RequestMappingHandlerMapping : Mapped "{[/board/detailView.vw],methods=[GET]}" onto public org.springframework.http.ResponseEntity<?> com.spring.board.controller.BoardController.getList(java.lang.String)
2018-12-12 21:57:37.979  INFO 9196 --- [           main] s.w.s.m.m.a.RequestMappingHandlerMapping : Mapped "{[/board/boardDataManage.do],methods=[POST],consumes=[application/json;charset=UTF-8]}" onto public org.springframework.http.ResponseEntity<?> com.spring.board.controller.BoardController.insertData(com.spring.board.generator.BoardEntityGenerator)
2018-12-12 21:57:37.980  INFO 9196 --- [           main] s.w.s.m.m.a.RequestMappingHandlerMapping : Mapped "{[/board/boardDataManage.do],methods=[DELETE],consumes=[application/json;charset=UTF-8]}" onto public org.springframework.http.ResponseEntity<?> com.spring.board.controller.BoardController.deleteData(com.spring.board.generator.BoardEntityGenerator)
2018-12-12 21:57:37.981  INFO 9196 --- [           main] s.w.s.m.m.a.RequestMappingHandlerMapping : Mapped "{[/board/boardDataManage.do],methods=[PUT],consumes=[application/json;charset=UTF-8]}" onto public org.springframework.http.ResponseEntity com.spring.board.controller.BoardController.updateData(com.spring.board.generator.BoardEntityGenerator)
2018-12-12 21:57:37.981  INFO 9196 --- [           main] s.w.s.m.m.a.RequestMappingHandlerMapping : Mapped "{[/]}" onto public java.lang.String com.spring.board.controller.StaticController.home()
2018-12-12 21:57:37.985  INFO 9196 --- [           main] s.w.s.m.m.a.RequestMappingHandlerMapping : Mapped "{[/error]}" onto public org.springframework.http.ResponseEntity<java.util.Map<java.lang.String, java.lang.Object>> org.springframework.boot.autoconfigure.web.servlet.error.BasicErrorController.error(javax.servlet.http.HttpServletRequest)
2018-12-12 21:57:37.985  INFO 9196 --- [           main] s.w.s.m.m.a.RequestMappingHandlerMapping : Mapped "{[/error],produces=[text/html]}" onto public org.springframework.web.servlet.ModelAndView org.springframework.boot.autoconfigure.web.servlet.error.BasicErrorController.errorHtml(javax.servlet.http.HttpServletRequest,javax.servlet.http.HttpServletResponse)
2018-12-12 21:57:38.025  INFO 9196 --- [           main] o.s.w.s.handler.SimpleUrlHandlerMapping  : Mapped URL path [/webjars/**] onto handler of type [class org.springframework.web.servlet.resource.ResourceHttpRequestHandler]
2018-12-12 21:57:38.025  INFO 9196 --- [           main] o.s.w.s.handler.SimpleUrlHandlerMapping  : Mapped URL path [/**] onto handler of type [class org.springframework.web.servlet.resource.ResourceHttpRequestHandler]
2018-12-12 21:57:38.359  INFO 9196 --- [           main] o.s.j.e.a.AnnotationMBeanExporter        : Registering beans for JMX exposure on startup
2018-12-12 21:57:38.361  INFO 9196 --- [           main] o.s.j.e.a.AnnotationMBeanExporter        : Bean with name 'dataSource' has been autodetected for JMX exposure
2018-12-12 21:57:38.367  INFO 9196 --- [           main] o.s.j.e.a.AnnotationMBeanExporter        : Located MBean 'dataSource': registering with JMX server as MBean [com.zaxxer.hikari:name=dataSource,type=HikariDataSource]
2018-12-12 21:57:38.408  INFO 9196 --- [           main] o.s.b.w.embedded.tomcat.TomcatWebServer  : Tomcat started on port(s): 10004 (http) with context path ''
2018-12-12 21:57:38.412  INFO 9196 --- [           main] com.spring.board.Application             : Started Application in 7.061 seconds (JVM running for 7.855)
2018-12-12 21:58:11.165  INFO 9196 --- [io-10004-exec-1] o.a.c.c.C.[Tomcat].[localhost].[/]       : Initializing Spring FrameworkServlet 'dispatcherServlet'
2018-12-12 21:58:11.165  INFO 9196 --- [io-10004-exec-1] o.s.web.servlet.DispatcherServlet        : FrameworkServlet 'dispatcherServlet': initialization started
2018-12-12 21:58:11.265  INFO 9196 --- [io-10004-exec-1] o.s.web.servlet.DispatcherServlet        : FrameworkServlet 'dispatcherServlet': initialization completed in 100 ms
home file is exist??!
2018-12-12 21:58:12.431  INFO 9196 --- [io-10004-exec-6] o.h.h.i.QueryTranslatorFactoryInitiator  : HHH000397: Using ASTQueryTranslatorFactory
Hibernate: select boardlistv0_.board_uuid as board_uu1_0_, boardlistv0_.reg_dttm as reg_dttm2_0_, boardlistv0_.title as title3_0_, boardlistv0_.user_name as user_nam4_0_ from board boardlistv0_ order by boardlistv0_.reg_dttm desc limit ?
2018-12-12 22:02:40.347  INFO 9196 --- [       Thread-3] ConfigServletWebServerApplicationContext : Closing org.springframework.boot.web.servlet.context.AnnotationConfigServletWebServerApplicationContext@2be94b0f: startup date [Wed Dec 12 21:57:32 KST 2018]; root of context hierarchy
2018-12-12 22:02:40.355  INFO 9196 --- [       Thread-3] o.s.j.e.a.AnnotationMBeanExporter        : Unregistering JMX-exposed beans on shutdown
2018-12-12 22:02:40.357  INFO 9196 --- [       Thread-3] o.s.j.e.a.AnnotationMBeanExporter        : Unregistering JMX-exposed beans
2018-12-12 22:02:40.361  INFO 9196 --- [       Thread-3] j.LocalContainerEntityManagerFactoryBean : Closing JPA EntityManagerFactory for persistence unit 'default'
2018-12-12 22:02:40.364  INFO 9196 --- [       Thread-3] com.zaxxer.hikari.HikariDataSource       : HikariPool-1 - Shutdown initiated...
2018-12-12 22:02:40.389  INFO 9196 --- [       Thread-3] com.zaxxer.hikari.HikariDataSource       : HikariPool-1 - Shutdown completed.
